
===========================================================================
 report_power
============================================================================
======================= Fastest Corner ===================================

Group                  Internal  Switching    Leakage      Total
                          Power      Power      Power      Power (Watts)
----------------------------------------------------------------
Sequential             2.55e-03   2.82e-06   8.89e-08   2.55e-03  62.9%
Combinational          5.39e-05   1.24e-04   2.58e-08   1.78e-04   4.4%
Clock                  5.23e-04   8.00e-04   3.99e-09   1.32e-03  32.7%
Macro                  0.00e+00   0.00e+00   0.00e+00   0.00e+00   0.0%
Pad                    0.00e+00   0.00e+00   0.00e+00   0.00e+00   0.0%
----------------------------------------------------------------
Total                  3.12e-03   9.27e-04   1.19e-07   4.05e-03 100.0%
                          77.1%      22.9%       0.0%

======================= Slowest Corner ===================================

Group                  Internal  Switching    Leakage      Total
                          Power      Power      Power      Power (Watts)
----------------------------------------------------------------
Sequential             1.65e-03   1.80e-06   9.74e-06   1.66e-03  61.8%
Combinational          3.75e-05   8.03e-05   1.48e-05   1.33e-04   4.9%
Clock                  3.82e-04   5.13e-04   5.49e-07   8.95e-04  33.3%
Macro                  0.00e+00   0.00e+00   0.00e+00   0.00e+00   0.0%
Pad                    0.00e+00   0.00e+00   0.00e+00   0.00e+00   0.0%
----------------------------------------------------------------
Total                  2.07e-03   5.95e-04   2.51e-05   2.69e-03 100.0%
                          76.9%      22.1%       0.9%

======================= Typical Corner ===================================

Group                  Internal  Switching    Leakage      Total
                          Power      Power      Power      Power (Watts)
----------------------------------------------------------------
Sequential             2.16e-03   2.33e-06   8.75e-08   2.16e-03  62.8%
Combinational          4.60e-05   1.05e-04   1.37e-08   1.51e-04   4.4%
Clock                  4.62e-04   6.67e-04   2.70e-09   1.13e-03  32.8%
Macro                  0.00e+00   0.00e+00   0.00e+00   0.00e+00   0.0%
Pad                    0.00e+00   0.00e+00   0.00e+00   0.00e+00   0.0%
----------------------------------------------------------------
Total                  2.67e-03   7.75e-04   1.04e-07   3.45e-03 100.0%
                          77.5%      22.5%       0.0%

